[debug] [2024-06-23T06:28:18.665Z] ----------------------------------------------------------------------
[debug] [2024-06-23T06:28:18.669Z] Command:       C:\Program Files\nodejs\node.exe C:\Users\ANSHUL RATHORE\AppData\Roaming\npm\node_modules\firebase-tools\lib\bin\firebase.js init hosting
[debug] [2024-06-23T06:28:18.669Z] CLI Version:   13.11.4
[debug] [2024-06-23T06:28:18.669Z] Platform:      win32
[debug] [2024-06-23T06:28:18.669Z] Node Version:  v21.6.2
[debug] [2024-06-23T06:28:18.670Z] Time:          Sun Jun 23 2024 11:58:18 GMT+0530 (India Standard Time)
[debug] [2024-06-23T06:28:18.670Z] ----------------------------------------------------------------------
[debug] 
[debug] [2024-06-23T06:28:18.679Z] > command requires scopes: ["email","openid","https://www.googleapis.com/auth/cloudplatformprojects.readonly","https://www.googleapis.com/auth/firebase","https://www.googleapis.com/auth/cloud-platform"]
[debug] [2024-06-23T06:28:18.679Z] > authorizing via signed-in user (anshulrathore164@gmail.com)
[info] 
     ######## #### ########  ######## ########     ###     ######  ########
     ##        ##  ##     ## ##       ##     ##  ##   ##  ##       ##
     ######    ##  ########  ######   ########  #########  ######  ######
     ##        ##  ##    ##  ##       ##     ## ##     ##       ## ##
     ##       #### ##     ## ######## ########  ##     ##  ######  ########

You're about to initialize a Firebase project in this directory:

  C:\Users\ANSHUL RATHORE\OneDrive\Desktop\safehaven\safehaven

[info] 
=== Project Setup
[info] 
[info] First, let's associate this project directory with a Firebase project.
[info] You can create multiple project aliases by running firebase use --add, 
[info] but for now we'll just set up a default project.
[info] 
[info] i  If you want to create a project in a Google Cloud organization or folder, please use "firebase projects:create" instead, and return to this command when you've created the project. 
[debug] [2024-06-23T06:28:52.750Z] >>> [apiv2][query] POST https://cloudresourcemanager.googleapis.com/v1/projects [none]
[debug] [2024-06-23T06:28:52.751Z] >>> [apiv2][body] POST https://cloudresourcemanager.googleapis.com/v1/projects {"projectId":"Safehaven","name":"safehaven"}
[debug] [2024-06-23T06:28:57.815Z] <<< [apiv2][status] POST https://cloudresourcemanager.googleapis.com/v1/projects 400
[debug] [2024-06-23T06:28:57.815Z] <<< [apiv2][body] POST https://cloudresourcemanager.googleapis.com/v1/projects {"error":{"code":400,"message":"field [project_id] has issue [project_id contains invalid characters]","status":"INVALID_ARGUMENT","details":[{"@type":"type.googleapis.com/google.rpc.BadRequest","fieldViolations":[{"field":"project_id","description":"project_id contains invalid characters"}]},{"@type":"type.googleapis.com/google.rpc.Help","links":[{"url":"https://cloud.google.com/resource-manager/reference/rest/v1/projects"}]}]}}
[debug] [2024-06-23T06:28:58.203Z] FirebaseError: HTTP Error: 400, field [project_id] has issue [project_id contains invalid characters]
    at responseToError (C:\Users\ANSHUL RATHORE\AppData\Roaming\npm\node_modules\firebase-tools\lib\responseToError.js:49:12)
    at RetryOperation._fn (C:\Users\ANSHUL RATHORE\AppData\Roaming\npm\node_modules\firebase-tools\lib\apiv2.js:305:77)
    at process.processTicksAndRejections (node:internal/process/task_queues:95:5)
[error] 
[error] Error: Failed to create project. See firebase-debug.log for more info.
